1591632998838	mozrunner::runner	INFO	Running command: "/usr/bin/firefox" "-marionette" "-foreground" "-no-remote" "-profile" "/tmp/rust_mozprofileQ63G4r"
1591633013818	Marionette	INFO	Listening on port 36439
1591633013938	Marionette	WARN	TLS certificate errors will be ignored for this session
JavaScript error: resource://gre/modules/URIFixup.jsm, line 203: NS_ERROR_FAILURE: Should pass a non-null uri
JavaScript warning: https://web.whatsapp.com/app.5be2ce7458b30031ac49.js, line 1: unreachable code after return statement
JavaScript warning: https://web.whatsapp.com/app.5be2ce7458b30031ac49.js, line 1: unreachable code after return statement
JavaScript warning: https://web.whatsapp.com/app.5be2ce7458b30031ac49.js, line 1: unreachable code after return statement
Exiting due to channel error.
Exiting due to channel error.
Exiting due to channel error.
1591637152013	mozrunner::runner	INFO	Running command: "/usr/bin/firefox" "-marionette" "-foreground" "-no-remote" "-profile" "/tmp/rust_mozprofileqJS2pW"
1591637157967	Marionette	INFO	Listening on port 45655
1591637158035	Marionette	WARN	TLS certificate errors will be ignored for this session
JavaScript warning: https://web.whatsapp.com/app.5be2ce7458b30031ac49.js, line 1: unreachable code after return statement
JavaScript warning: https://web.whatsapp.com/app.5be2ce7458b30031ac49.js, line 1: unreachable code after return statement
JavaScript warning: https://web.whatsapp.com/app.5be2ce7458b30031ac49.js, line 1: unreachable code after return statement
1591637172460	Marionette	INFO	Stopped listening on port 45655
1591756826099	mozrunner::runner	INFO	Running command: "/usr/bin/firefox" "-marionette" "-foreground" "-no-remote" "-profile" "/tmp/rust_mozprofileUAm7aQ"
1591756841282	Marionette	INFO	Listening on port 35519
1591756841381	Marionette	WARN	TLS certificate errors will be ignored for this session
JavaScript warning: https://web.whatsapp.com/app.5be2ce7458b30031ac49.js, line 1: unreachable code after return statement
JavaScript warning: https://web.whatsapp.com/app.5be2ce7458b30031ac49.js, line 1: unreachable code after return statement
JavaScript warning: https://web.whatsapp.com/app.5be2ce7458b30031ac49.js, line 1: unreachable code after return statement
console.error: "Store does not have a valid reducer. Make sure the argument passed to combineReducers is an object whose values are reducers."
JavaScript warning: https://web.whatsapp.com/app.5be2ce7458b30031ac49.js, line 1: unreachable code after return statement
JavaScript warning: https://web.whatsapp.com/app.5be2ce7458b30031ac49.js, line 1: unreachable code after return statement
Exiting due to channel error.
Exiting due to channel error.
Exiting due to channel error.
1591985870346	mozrunner::runner	INFO	Running command: "/usr/bin/firefox" "-marionette" "-foreground" "-no-remote" "-profile" "/tmp/rust_mozprofiled3yziT"
1591985876598	Marionette	INFO	Listening on port 32911
1591985876675	Marionette	WARN	TLS certificate errors will be ignored for this session
JavaScript warning: https://web.whatsapp.com/app.5be2ce7458b30031ac49.js, line 1: unreachable code after return statement
JavaScript warning: https://web.whatsapp.com/app.5be2ce7458b30031ac49.js, line 1: unreachable code after return statement
JavaScript warning: https://web.whatsapp.com/app.5be2ce7458b30031ac49.js, line 1: unreachable code after return statement
1591985918215	mozrunner::runner	INFO	Running command: "/usr/bin/firefox" "-marionette" "-foreground" "-no-remote" "-profile" "/tmp/rust_mozprofileHdS7zC"
1591985925803	Marionette	INFO	Listening on port 41907
1591985925846	Marionette	WARN	TLS certificate errors will be ignored for this session
JavaScript warning: https://web.whatsapp.com/app.5be2ce7458b30031ac49.js, line 1: unreachable code after return statement
JavaScript warning: https://web.whatsapp.com/app.5be2ce7458b30031ac49.js, line 1: unreachable code after return statement
JavaScript warning: https://web.whatsapp.com/app.5be2ce7458b30031ac49.js, line 1: unreachable code after return statement
1591985936585	Marionette	INFO	Stopped listening on port 41907

###!!! [Parent][MessageChannel] Error: (msgtype=0x6A0008,name=PMessagePort::Msg___delete__) Channel closing: too late to send/recv, messages will be lost


###!!! [Parent][RunMessage] Error: Channel closing: too late to send/recv, messages will be lost


###!!! [Parent][RunMessage] Error: Channel closing: too late to send/recv, messages will be lost


###!!! [Parent][RunMessage] Error: Channel closing: too late to send/recv, messages will be lost


###!!! [Parent][RunMessage] Error: Channel closing: too late to send/recv, messages will be lost

1591985955008	Marionette	INFO	Stopped listening on port 32911
1591986044658	mozrunner::runner	INFO	Running command: "/usr/bin/firefox" "-marionette" "-foreground" "-no-remote" "-profile" "/tmp/rust_mozprofileyPQqA3"
1591986051504	Marionette	INFO	Listening on port 40725
1591986051587	Marionette	WARN	TLS certificate errors will be ignored for this session
JavaScript warning: https://web.whatsapp.com/app.5be2ce7458b30031ac49.js, line 1: unreachable code after return statement
JavaScript warning: https://web.whatsapp.com/app.5be2ce7458b30031ac49.js, line 1: unreachable code after return statement
JavaScript warning: https://web.whatsapp.com/app.5be2ce7458b30031ac49.js, line 1: unreachable code after return statement
1591986079302	mozrunner::runner	INFO	Running command: "/usr/bin/firefox" "-marionette" "-foreground" "-no-remote" "-profile" "/tmp/rust_mozprofilepx7FaM"
1591986085917	Marionette	INFO	Listening on port 43055
1591986085924	Marionette	WARN	TLS certificate errors will be ignored for this session
JavaScript warning: https://web.whatsapp.com/app.5be2ce7458b30031ac49.js, line 1: unreachable code after return statement
JavaScript warning: https://web.whatsapp.com/app.5be2ce7458b30031ac49.js, line 1: unreachable code after return statement
JavaScript warning: https://web.whatsapp.com/app.5be2ce7458b30031ac49.js, line 1: unreachable code after return statement
1591986105779	Marionette	INFO	Stopped listening on port 43055
1591986239011	mozrunner::runner	INFO	Running command: "/usr/bin/firefox" "-marionette" "-foreground" "-no-remote" "-profile" "/tmp/rust_mozprofileVYPtw7"
1591986242201	Marionette	INFO	Stopped listening on port 40725
1591986245278	Marionette	INFO	Listening on port 37417
1591986245342	Marionette	WARN	TLS certificate errors will be ignored for this session
JavaScript warning: https://web.whatsapp.com/app.5be2ce7458b30031ac49.js, line 1: unreachable code after return statement
JavaScript warning: https://web.whatsapp.com/app.5be2ce7458b30031ac49.js, line 1: unreachable code after return statement
JavaScript warning: https://web.whatsapp.com/app.5be2ce7458b30031ac49.js, line 1: unreachable code after return statement
JavaScript error: https://web.whatsapp.com/app.5be2ce7458b30031ac49.js, line 1: NS_ERROR_NOT_INITIALIZED: 
JavaScript error: https://web.whatsapp.com/app.5be2ce7458b30031ac49.js, line 1: NS_ERROR_NOT_INITIALIZED: 
JavaScript error: , line 0: UnknownError: The operation failed for reasons unrelated to the database itself and not covered by any other error code.
1591986306438	Marionette	INFO	Stopped listening on port 37417
1591986329463	mozrunner::runner	INFO	Running command: "/usr/bin/firefox" "-marionette" "-foreground" "-no-remote" "-profile" "/tmp/rust_mozprofilewb1rpi"
1591986335579	Marionette	INFO	Listening on port 39371
1591986335677	Marionette	WARN	TLS certificate errors will be ignored for this session
JavaScript warning: https://web.whatsapp.com/app.5be2ce7458b30031ac49.js, line 1: unreachable code after return statement
JavaScript warning: https://web.whatsapp.com/app.5be2ce7458b30031ac49.js, line 1: unreachable code after return statement
JavaScript warning: https://web.whatsapp.com/app.5be2ce7458b30031ac49.js, line 1: unreachable code after return statement
1591986358687	mozrunner::runner	INFO	Running command: "/usr/bin/firefox" "-marionette" "-foreground" "-no-remote" "-profile" "/tmp/rust_mozprofileUykVFe"
1591986364973	Marionette	INFO	Listening on port 43863
1591986365021	Marionette	WARN	TLS certificate errors will be ignored for this session
JavaScript warning: https://web.whatsapp.com/app.5be2ce7458b30031ac49.js, line 1: unreachable code after return statement
JavaScript warning: https://web.whatsapp.com/app.5be2ce7458b30031ac49.js, line 1: unreachable code after return statement
JavaScript warning: https://web.whatsapp.com/app.5be2ce7458b30031ac49.js, line 1: unreachable code after return statement
JavaScript error: , line 0: UnknownError: The operation failed for reasons unrelated to the database itself and not covered by any other error code.
1591986380118	Marionette	INFO	Stopped listening on port 39371
1591986385999	Marionette	INFO	Stopped listening on port 43863
1591986498901	mozrunner::runner	INFO	Running command: "/usr/bin/firefox" "-marionette" "-foreground" "-no-remote" "-profile" "/tmp/rust_mozprofile43994W"
1591986504722	Marionette	INFO	Listening on port 33615
1591986504825	Marionette	WARN	TLS certificate errors will be ignored for this session
JavaScript warning: https://web.whatsapp.com/app.5be2ce7458b30031ac49.js, line 1: unreachable code after return statement
JavaScript warning: https://web.whatsapp.com/app.5be2ce7458b30031ac49.js, line 1: unreachable code after return statement
JavaScript warning: https://web.whatsapp.com/app.5be2ce7458b30031ac49.js, line 1: unreachable code after return statement
1591986568879	mozrunner::runner	INFO	Running command: "/usr/bin/firefox" "-marionette" "-foreground" "-no-remote" "-profile" "/tmp/rust_mozprofileTZHTua"
1591986577446	Marionette	INFO	Listening on port 39543
1591986577524	Marionette	WARN	TLS certificate errors will be ignored for this session
JavaScript error: resource://activity-stream/lib/ActivityStreamPrefs.jsm, line 27: NS_ERROR_ILLEGAL_VALUE: Component returned failure code: 0x80070057 (NS_ERROR_ILLEGAL_VALUE) [nsIPrefBranch.removeObserver]
Exiting due to channel error.
Exiting due to channel error.
Exiting due to channel error.
Exiting due to channel error.
1591986825614	mozrunner::runner	INFO	Running command: "/usr/bin/firefox" "-marionette" "-foreground" "-no-remote" "-profile" "/tmp/rust_mozprofilex4iu7c"
1591986834558	Marionette	INFO	Listening on port 37371
1591986834650	Marionette	WARN	TLS certificate errors will be ignored for this session
JavaScript warning: https://web.whatsapp.com/app.5be2ce7458b30031ac49.js, line 1: unreachable code after return statement
JavaScript warning: https://web.whatsapp.com/app.5be2ce7458b30031ac49.js, line 1: unreachable code after return statement
JavaScript warning: https://web.whatsapp.com/app.5be2ce7458b30031ac49.js, line 1: unreachable code after return statement
1591987354284	mozrunner::runner	INFO	Running command: "/usr/bin/firefox" "-marionette" "-foreground" "-no-remote" "-profile" "/tmp/rust_mozprofile8YFjf0"
JavaScript error: resource://activity-stream/lib/ActivityStreamPrefs.jsm, line 27: NS_ERROR_ILLEGAL_VALUE: Component returned failure code: 0x80070057 (NS_ERROR_ILLEGAL_VALUE) [nsIPrefBranch.removeObserver]
console.warn: services.settings: main/fxmonitor-breaches sync interrupted by shutdown
JavaScript error: , line 0: uncaught exception: 2147500036
JavaScript error: resource://activity-stream/lib/PlacesFeed.jsm, line 193: NS_ERROR_UNEXPECTED: Component returned failure code: 0x8000ffff (NS_ERROR_UNEXPECTED) [nsINavHistoryService.addObserver]
JavaScript error: resource://gre/modules/ExtensionSettingsStore.jsm, line 123: Error: The ExtensionSettingsStore was accessed before the initialize promise resolved.
JavaScript error: , line 0: uncaught exception: 2147500036
JavaScript error: , line 0: uncaught exception: 2147500036
JavaScript error: resource://gre/modules/IndexedDB.jsm, line 370: UnknownError: IDBDatabase.transaction: Can't start IndexedDB transaction during shutdown
JavaScript error: , line 0: AbortError: A request was aborted, for example through a call to IDBTransaction.abort.
JavaScript error: , line 0: AbortError: A request was aborted, for example through a call to IDBTransaction.abort.
JavaScript error: , line 0: UnknownError: The operation failed for reasons unrelated to the database itself and not covered by any other error code.
1591987366707	Marionette	INFO	Stopped listening on port 37371
1591987370996	mozrunner::runner	INFO	Running command: "/usr/bin/firefox" "-marionette" "-foreground" "-no-remote" "-profile" "/tmp/rust_mozprofileiU5mwA"
1591987379179	Marionette	INFO	Listening on port 34525
1591987379228	Marionette	WARN	TLS certificate errors will be ignored for this session
JavaScript warning: https://web.whatsapp.com/app.5be2ce7458b30031ac49.js, line 1: unreachable code after return statement
JavaScript warning: https://web.whatsapp.com/app.5be2ce7458b30031ac49.js, line 1: unreachable code after return statement
JavaScript warning: https://web.whatsapp.com/app.5be2ce7458b30031ac49.js, line 1: unreachable code after return statement
1591987446533	mozrunner::runner	INFO	Running command: "/usr/bin/firefox" "-marionette" "-foreground" "-no-remote" "-profile" "/tmp/rust_mozprofileZ8OInt"
1591987454836	Marionette	INFO	Listening on port 41657
1591987454886	Marionette	WARN	TLS certificate errors will be ignored for this session
JavaScript warning: https://web.whatsapp.com/app.5be2ce7458b30031ac49.js, line 1: unreachable code after return statement
JavaScript warning: https://web.whatsapp.com/app.5be2ce7458b30031ac49.js, line 1: unreachable code after return statement
JavaScript warning: https://web.whatsapp.com/app.5be2ce7458b30031ac49.js, line 1: unreachable code after return statement
1591987465633	Marionette	INFO	Stopped listening on port 41657
Exiting due to channel error.
Exiting due to channel error.
1591988299769	mozrunner::runner	INFO	Running command: "/usr/bin/firefox" "-marionette" "-foreground" "-no-remote" "-profile" "/tmp/rust_mozprofileuba1FE"
1591988306765	Marionette	INFO	Listening on port 44797
1591988306802	Marionette	WARN	TLS certificate errors will be ignored for this session
JavaScript warning: https://web.whatsapp.com/app.5be2ce7458b30031ac49.js, line 1: unreachable code after return statement
JavaScript warning: https://web.whatsapp.com/app.5be2ce7458b30031ac49.js, line 1: unreachable code after return statement
JavaScript warning: https://web.whatsapp.com/app.5be2ce7458b30031ac49.js, line 1: unreachable code after return statement
1591988558371	Marionette	INFO	Stopped listening on port 44797
1591988564259	mozrunner::runner	INFO	Running command: "/usr/bin/firefox" "-marionette" "-foreground" "-no-remote" "-profile" "/tmp/rust_mozprofileYPUm7k"
1591988573640	Marionette	INFO	Listening on port 44887
1591988573693	Marionette	WARN	TLS certificate errors will be ignored for this session
JavaScript warning: https://web.whatsapp.com/app.5be2ce7458b30031ac49.js, line 1: unreachable code after return statement
JavaScript warning: https://web.whatsapp.com/app.5be2ce7458b30031ac49.js, line 1: unreachable code after return statement
JavaScript warning: https://web.whatsapp.com/app.5be2ce7458b30031ac49.js, line 1: unreachable code after return statement
JavaScript error: , line 0: UnknownError: The operation failed for reasons unrelated to the database itself and not covered by any other error code.
1591988749688	Marionette	INFO	Stopped listening on port 44887
1591988784992	mozrunner::runner	INFO	Running command: "/usr/bin/firefox" "-marionette" "-foreground" "-no-remote" "-profile" "/tmp/rust_mozprofileMl0Huj"
1591988794559	Marionette	INFO	Listening on port 36125
1591988794623	Marionette	WARN	TLS certificate errors will be ignored for this session
JavaScript warning: https://web.whatsapp.com/app.5be2ce7458b30031ac49.js, line 1: unreachable code after return statement
JavaScript warning: https://web.whatsapp.com/app.5be2ce7458b30031ac49.js, line 1: unreachable code after return statement
JavaScript warning: https://web.whatsapp.com/app.5be2ce7458b30031ac49.js, line 1: unreachable code after return statement

###!!! [Parent][RunMessage] Error: Channel closing: too late to send/recv, messages will be lost

Exiting due to channel error.
Exiting due to channel error.
1595004377182	mozrunner::runner	INFO	Running command: "/usr/bin/firefox" "-marionette" "-foreground" "-no-remote" "-profile" "/tmp/rust_mozprofile3yNAwY"
1595004385226	Marionette	INFO	Listening on port 38811
1595004385253	Marionette	WARN	TLS certificate errors will be ignored for this session
JavaScript warning: https://online-barcode-reader.inliteresearch.com/MasterCi8/Site_Files/jquery-1.9.1.min.js, line 2: Using //@ to indicate sourceMappingURL pragmas is deprecated. Use //# instead
1595004468969	mozrunner::runner	INFO	Running command: "/usr/bin/firefox" "-marionette" "-foreground" "-no-remote" "-profile" "/tmp/rust_mozprofilejXjGiw"
1595004476743	Marionette	INFO	Listening on port 45717
1595004478395	Marionette	WARN	TLS certificate errors will be ignored for this session
JavaScript warning: https://web.whatsapp.com/app.28a86c90d20ffcb7a7cc.js, line 1: unreachable code after return statement
JavaScript warning: https://web.whatsapp.com/app.28a86c90d20ffcb7a7cc.js, line 1: unreachable code after return statement
1595004495733	Marionette	INFO	Stopped listening on port 45717
1595004541142	mozrunner::runner	INFO	Running command: "/usr/bin/firefox" "-marionette" "-foreground" "-no-remote" "-profile" "/tmp/rust_mozprofileZHoQh9"
1595004547227	Marionette	INFO	Listening on port 37565
1595004547265	Marionette	WARN	TLS certificate errors will be ignored for this session
JavaScript warning: https://online-barcode-reader.inliteresearch.com/MasterCi8/Site_Files/jquery-1.9.1.min.js, line 2: Using //@ to indicate sourceMappingURL pragmas is deprecated. Use //# instead
JavaScript error: , line 0: UnknownError: The operation failed for reasons unrelated to the database itself and not covered by any other error code.
1595004555413	Marionette	INFO	Stopped listening on port 38811
JavaScript warning: https://online-barcode-reader.inliteresearch.com/MasterCi8/Site_Files/jquery-1.9.1.min.js, line 2: Using //@ to indicate sourceMappingURL pragmas is deprecated. Use //# instead
JavaScript warning: https://online-barcode-reader.inliteresearch.com/ScriptResource.axd?d=8VqzoXmIdVt2v_J0bvDTe6yY4TDg3osHF1LNy7Vk_lqpWxFGhCtpUrTT_dTRKJzK0eodilVgZc5dallS_uEL8FhtZk-jINDkN6_Q0eEdIJ0vuCZBG-IG43DO7JFzcsiFobiFZRYEUwcBTmCWce5lkxo7of0EBmllR-yIKJ38Ywg1&t=e5c7e57, line 2: Using //@ to indicate sourceMappingURL pragmas is deprecated. Use //# instead
JavaScript warning: https://online-barcode-reader.inliteresearch.com/MasterCi8/Site_Files/jquery-1.9.1.min.js, line 2: Using //@ to indicate sourceMappingURL pragmas is deprecated. Use //# instead
JavaScript warning: https://online-barcode-reader.inliteresearch.com/MasterCi8/Site_Files/jquery-1.9.1.min.js, line 2: Using //@ to indicate sourceMappingURL pragmas is deprecated. Use //# instead
1595004628337	Marionette	WARN	TimedPromise timed out after 500 ms: stacktrace:
TimedPromise/<@chrome://marionette/content/sync.js:245:13
TimedPromise@chrome://marionette/content/sync.js:230:10
interaction.flushEventLoop@chrome://marionette/content/interaction.js:416:10
webdriverClickElement@chrome://marionette/content/interaction.js:182:31
JavaScript warning: https://online-barcode-reader.inliteresearch.com/ScriptResource.axd?d=8VqzoXmIdVt2v_J0bvDTe6yY4TDg3osHF1LNy7Vk_lqpWxFGhCtpUrTT_dTRKJzK0eodilVgZc5dallS_uEL8FhtZk-jINDkN6_Q0eEdIJ0vuCZBG-IG43DO7JFzcsiFobiFZRYEUwcBTmCWce5lkxo7of0EBmllR-yIKJ38Ywg1&t=e5c7e57, line 2: Using //@ to indicate sourceMappingURL pragmas is deprecated. Use //# instead
Exiting due to channel error.
Exiting due to channel error.
Exiting due to channel error.
1595013883127	mozrunner::runner	INFO	Running command: "/usr/bin/firefox" "-marionette" "-foreground" "-no-remote" "-profile" "/tmp/rust_mozprofile0reZoO"
1595013889340	Marionette	INFO	Listening on port 37111
1595013889363	Marionette	WARN	TLS certificate errors will be ignored for this session
JavaScript warning: https://online-barcode-reader.inliteresearch.com/MasterCi8/Site_Files/jquery-1.9.1.min.js, line 2: Using //@ to indicate sourceMappingURL pragmas is deprecated. Use //# instead
1595013944623	mozrunner::runner	INFO	Running command: "/usr/bin/firefox" "-marionette" "-foreground" "-no-remote" "-profile" "/tmp/rust_mozprofilep56ET9"
1595013950462	Marionette	INFO	Listening on port 46659
1595013950548	Marionette	WARN	TLS certificate errors will be ignored for this session
JavaScript warning: https://web.whatsapp.com/app.28a86c90d20ffcb7a7cc.js, line 1: unreachable code after return statement
JavaScript warning: https://web.whatsapp.com/app.28a86c90d20ffcb7a7cc.js, line 1: unreachable code after return statement
1595014002290	Marionette	INFO	Stopped listening on port 46659
1595014066680	mozrunner::runner	INFO	Running command: "/usr/bin/firefox" "-marionette" "-foreground" "-no-remote" "-profile" "/tmp/rust_mozprofile1AvmHc"
1595014076857	Marionette	INFO	Listening on port 38373
1595014076943	Marionette	WARN	TLS certificate errors will be ignored for this session
JavaScript warning: https://online-barcode-reader.inliteresearch.com/MasterCi8/Site_Files/jquery-1.9.1.min.js, line 2: Using //@ to indicate sourceMappingURL pragmas is deprecated. Use //# instead
1595014093753	mozrunner::runner	INFO	Running command: "/usr/bin/firefox" "-marionette" "-foreground" "-no-remote" "-profile" "/tmp/rust_mozprofileA1NdGH"
JavaScript error: , line 0: UnknownError: The operation failed for reasons unrelated to the database itself and not covered by any other error code.
1595014097205	Marionette	INFO	Stopped listening on port 37111
1595014100860	Marionette	INFO	Stopped listening on port 38373
1595014102130	Marionette	INFO	Listening on port 35305
1595014102189	Marionette	WARN	TLS certificate errors will be ignored for this session
JavaScript warning: https://online-barcode-reader.inliteresearch.com/MasterCi8/Site_Files/jquery-1.9.1.min.js, line 2: Using //@ to indicate sourceMappingURL pragmas is deprecated. Use //# instead
1595014127237	mozrunner::runner	INFO	Running command: "/usr/bin/firefox" "-marionette" "-foreground" "-no-remote" "-profile" "/tmp/rust_mozprofilerU1Qoy"
1595014133696	Marionette	INFO	Listening on port 33207
1595014133758	Marionette	WARN	TLS certificate errors will be ignored for this session
JavaScript warning: https://web.whatsapp.com/app.28a86c90d20ffcb7a7cc.js, line 1: unreachable code after return statement
JavaScript warning: https://web.whatsapp.com/app.28a86c90d20ffcb7a7cc.js, line 1: unreachable code after return statement
1595014186004	mozrunner::runner	INFO	Running command: "/usr/bin/firefox" "-marionette" "-foreground" "-no-remote" "-profile" "/tmp/rust_mozprofileX2OzuF"
JavaScript error: , line 0: UnknownError: The operation failed for reasons unrelated to the database itself and not covered by any other error code.
1595014189561	Marionette	INFO	Stopped listening on port 33207
JavaScript error: , line 0: UnknownError: The operation failed for reasons unrelated to the database itself and not covered by any other error code.
1595014190862	Marionette	INFO	Stopped listening on port 35305
1595014193273	Marionette	INFO	Listening on port 46693
1595014193333	Marionette	WARN	TLS certificate errors will be ignored for this session
JavaScript warning: https://online-barcode-reader.inliteresearch.com/MasterCi8/Site_Files/jquery-1.9.1.min.js, line 2: Using //@ to indicate sourceMappingURL pragmas is deprecated. Use //# instead
1595014218294	mozrunner::runner	INFO	Running command: "/usr/bin/firefox" "-marionette" "-foreground" "-no-remote" "-profile" "/tmp/rust_mozprofilescqOyd"
1595014224437	Marionette	INFO	Listening on port 37099
1595014224516	Marionette	WARN	TLS certificate errors will be ignored for this session
JavaScript warning: https://web.whatsapp.com/app.28a86c90d20ffcb7a7cc.js, line 1: unreachable code after return statement
JavaScript warning: https://web.whatsapp.com/app.28a86c90d20ffcb7a7cc.js, line 1: unreachable code after return statement
1595014298249	mozrunner::runner	INFO	Running command: "/usr/bin/firefox" "-marionette" "-foreground" "-no-remote" "-profile" "/tmp/rust_mozprofile6nOgxt"
JavaScript error: , line 0: UnknownError: The operation failed for reasons unrelated to the database itself and not covered by any other error code.
1595014303439	Marionette	INFO	Stopped listening on port 46693
1595014304716	Marionette	INFO	Listening on port 43551
1595014304809	Marionette	WARN	TLS certificate errors will be ignored for this session
JavaScript warning: https://online-barcode-reader.inliteresearch.com/MasterCi8/Site_Files/jquery-1.9.1.min.js, line 2: Using //@ to indicate sourceMappingURL pragmas is deprecated. Use //# instead
JavaScript error: , line 0: UnknownError: The operation failed for reasons unrelated to the database itself and not covered by any other error code.
1595014311645	Marionette	INFO	Stopped listening on port 37099
1595014321734	Marionette	INFO	Stopped listening on port 43551
1595014333454	mozrunner::runner	INFO	Running command: "/usr/bin/firefox" "-marionette" "-foreground" "-no-remote" "-profile" "/tmp/rust_mozprofileN7hmE3"
1595014339687	Marionette	INFO	Listening on port 38593
1595014339774	Marionette	WARN	TLS certificate errors will be ignored for this session
JavaScript warning: https://web.whatsapp.com/app.28a86c90d20ffcb7a7cc.js, line 1: unreachable code after return statement
JavaScript warning: https://web.whatsapp.com/app.28a86c90d20ffcb7a7cc.js, line 1: unreachable code after return statement
1595014375560	mozrunner::runner	INFO	Running command: "/usr/bin/firefox" "-marionette" "-foreground" "-no-remote" "-profile" "/tmp/rust_mozprofilefsvtrB"
JavaScript error: resource://gre/modules/URIFixup.jsm, line 281: NS_ERROR_FAILURE: Should pass a non-null uri
1595014381437	Marionette	INFO	Listening on port 35387
1595014381482	Marionette	WARN	TLS certificate errors will be ignored for this session
1595014386334	Marionette	INFO	Stopped listening on port 35387
1595014594660	mozrunner::runner	INFO	Running command: "/usr/bin/firefox" "-marionette" "-foreground" "-no-remote" "-profile" "/tmp/rust_mozprofileM5RNEw"
1595014601917	Marionette	INFO	Listening on port 38389
1595014601993	Marionette	WARN	TLS certificate errors will be ignored for this session
JavaScript warning: https://online-barcode-reader.inliteresearch.com/MasterCi8/Site_Files/jquery-1.9.1.min.js, line 2: Using //@ to indicate sourceMappingURL pragmas is deprecated. Use //# instead
1595014655961	mozrunner::runner	INFO	Running command: "/usr/bin/firefox" "-marionette" "-foreground" "-no-remote" "-profile" "/tmp/rust_mozprofileTZubHp"
1595014661644	Marionette	INFO	Listening on port 41023
1595014661687	Marionette	WARN	TLS certificate errors will be ignored for this session
JavaScript warning: https://online-barcode-reader.inliteresearch.com/MasterCi8/Site_Files/jquery-1.9.1.min.js, line 2: Using //@ to indicate sourceMappingURL pragmas is deprecated. Use //# instead
JavaScript error: , line 0: UnknownError: The operation failed for reasons unrelated to the database itself and not covered by any other error code.
1595014666868	Marionette	INFO	Stopped listening on port 38389
1595014668231	Marionette	INFO	Stopped listening on port 38593
1595014678503	mozrunner::runner	INFO	Running command: "/usr/bin/firefox" "-marionette" "-foreground" "-no-remote" "-profile" "/tmp/rust_mozprofilewDQfFn"
1595014684323	Marionette	INFO	Listening on port 33963
1595014684430	Marionette	WARN	TLS certificate errors will be ignored for this session
JavaScript warning: https://web.whatsapp.com/app.28a86c90d20ffcb7a7cc.js, line 1: unreachable code after return statement
JavaScript warning: https://web.whatsapp.com/app.28a86c90d20ffcb7a7cc.js, line 1: unreachable code after return statement
1595014720958	mozrunner::runner	INFO	Running command: "/usr/bin/firefox" "-marionette" "-foreground" "-no-remote" "-profile" "/tmp/rust_mozprofile7LeJMb"
1595014726550	Marionette	INFO	Listening on port 43445
1595014726600	Marionette	WARN	TLS certificate errors will be ignored for this session
JavaScript error: resource://activity-stream/lib/ActivityStreamPrefs.jsm, line 27: NS_ERROR_ILLEGAL_VALUE: Component returned failure code: 0x80070057 (NS_ERROR_ILLEGAL_VALUE) [nsIPrefBranch.removeObserver]
console.log: "RemoteSettingsWorker error: Error: Can't import when we've started shutting down."
1595014732508	Marionette	INFO	Stopped listening on port 43445
JavaScript error: , line 0: UnknownError: The operation failed for reasons unrelated to the database itself and not covered by any other error code.
1595014743665	Marionette	INFO	Stopped listening on port 33963
1595014744583	Marionette	INFO	Stopped listening on port 41023
1595014746743	mozrunner::runner	INFO	Running command: "/usr/bin/firefox" "-marionette" "-foreground" "-no-remote" "-profile" "/tmp/rust_mozprofile7yzYIy"
1595014752271	Marionette	INFO	Listening on port 36135
1595014752366	Marionette	WARN	TLS certificate errors will be ignored for this session
JavaScript warning: https://online-barcode-reader.inliteresearch.com/MasterCi8/Site_Files/jquery-1.9.1.min.js, line 2: Using //@ to indicate sourceMappingURL pragmas is deprecated. Use //# instead
1595014765445	mozrunner::runner	INFO	Running command: "/usr/bin/firefox" "-marionette" "-foreground" "-no-remote" "-profile" "/tmp/rust_mozprofileLi4gyT"
1595014771022	Marionette	INFO	Listening on port 37223
1595014771078	Marionette	WARN	TLS certificate errors will be ignored for this session
JavaScript warning: https://web.whatsapp.com/app.28a86c90d20ffcb7a7cc.js, line 1: unreachable code after return statement
JavaScript warning: https://web.whatsapp.com/app.28a86c90d20ffcb7a7cc.js, line 1: unreachable code after return statement
1595014820125	mozrunner::runner	INFO	Running command: "/usr/bin/firefox" "-marionette" "-foreground" "-no-remote" "-profile" "/tmp/rust_mozprofilezsXhtR"
1595014825982	Marionette	INFO	Listening on port 45679
1595014826123	Marionette	WARN	TLS certificate errors will be ignored for this session
JavaScript warning: https://online-barcode-reader.inliteresearch.com/MasterCi8/Site_Files/jquery-1.9.1.min.js, line 2: Using //@ to indicate sourceMappingURL pragmas is deprecated. Use //# instead
JavaScript error: , line 0: UnknownError: The operation failed for reasons unrelated to the database itself and not covered by any other error code.
1595014830923	Marionette	INFO	Stopped listening on port 37223
JavaScript error: , line 0: UnknownError: The operation failed for reasons unrelated to the database itself and not covered by any other error code.
1595014832412	Marionette	INFO	Stopped listening on port 36135
1595014838820	mozrunner::runner	INFO	Running command: "/usr/bin/firefox" "-marionette" "-foreground" "-no-remote" "-profile" "/tmp/rust_mozprofileFBU8m8"
1595014845102	Marionette	INFO	Listening on port 46553
1595014845163	Marionette	WARN	TLS certificate errors will be ignored for this session
JavaScript warning: https://web.whatsapp.com/app.28a86c90d20ffcb7a7cc.js, line 1: unreachable code after return statement
JavaScript warning: https://web.whatsapp.com/app.28a86c90d20ffcb7a7cc.js, line 1: unreachable code after return statement
1595014982161	mozrunner::runner	INFO	Running command: "/usr/bin/firefox" "-marionette" "-foreground" "-no-remote" "-profile" "/tmp/rust_mozprofilexRFbYf"
1595014987560	Marionette	INFO	Listening on port 36999
JavaScript error: resource://gre/modules/URIFixup.jsm, line 281: NS_ERROR_FAILURE: Should pass a non-null uri
1595014987590	Marionette	WARN	TLS certificate errors will be ignored for this session
JavaScript warning: https://online-barcode-reader.inliteresearch.com/MasterCi8/Site_Files/jquery-1.9.1.min.js, line 2: Using //@ to indicate sourceMappingURL pragmas is deprecated. Use //# instead
JavaScript error: , line 0: UnknownError: The operation failed for reasons unrelated to the database itself and not covered by any other error code.
1595015043186	Marionette	INFO	Stopped listening on port 36999
JavaScript error: , line 0: UnknownError: The operation failed for reasons unrelated to the database itself and not covered by any other error code.
1595015044588	Marionette	INFO	Stopped listening on port 45679
1595015150191	mozrunner::runner	INFO	Running command: "/usr/bin/firefox" "-marionette" "-foreground" "-no-remote" "-profile" "/tmp/rust_mozprofilebhvGHF"
1595015153402	Marionette	INFO	Stopped listening on port 46553
1595015155967	Marionette	INFO	Listening on port 41413
1595015156023	Marionette	WARN	TLS certificate errors will be ignored for this session
JavaScript warning: https://online-barcode-reader.inliteresearch.com/MasterCi8/Site_Files/jquery-1.9.1.min.js, line 2: Using //@ to indicate sourceMappingURL pragmas is deprecated. Use //# instead
1595015166992	mozrunner::runner	INFO	Running command: "/usr/bin/firefox" "-marionette" "-foreground" "-no-remote" "-profile" "/tmp/rust_mozprofileHDrxef"
1595015172914	Marionette	INFO	Listening on port 43057
1595015173012	Marionette	WARN	TLS certificate errors will be ignored for this session
JavaScript warning: https://web.whatsapp.com/app.28a86c90d20ffcb7a7cc.js, line 1: unreachable code after return statement
JavaScript warning: https://web.whatsapp.com/app.28a86c90d20ffcb7a7cc.js, line 1: unreachable code after return statement
1595015243905	mozrunner::runner	INFO	Running command: "/usr/bin/firefox" "-marionette" "-foreground" "-no-remote" "-profile" "/tmp/rust_mozprofileODo3fw"
JavaScript error: , line 0: UnknownError: The operation failed for reasons unrelated to the database itself and not covered by any other error code.
1595015246513	Marionette	INFO	Stopped listening on port 43057
JavaScript error: , line 0: UnknownError: The operation failed for reasons unrelated to the database itself and not covered by any other error code.
1595015248441	Marionette	INFO	Stopped listening on port 41413
JavaScript error: resource://gre/modules/URIFixup.jsm, line 281: NS_ERROR_FAILURE: Should pass a non-null uri
1595015250664	Marionette	INFO	Listening on port 43365
1595015250726	Marionette	WARN	TLS certificate errors will be ignored for this session
JavaScript warning: https://online-barcode-reader.inliteresearch.com/MasterCi8/Site_Files/jquery-1.9.1.min.js, line 2: Using //@ to indicate sourceMappingURL pragmas is deprecated. Use //# instead
1595015419253	mozrunner::runner	INFO	Running command: "/usr/bin/firefox" "-marionette" "-foreground" "-no-remote" "-profile" "/tmp/rust_mozprofileBSOd30"
1595015426941	Marionette	INFO	Listening on port 39509
1595015426985	Marionette	WARN	TLS certificate errors will be ignored for this session
JavaScript warning: https://online-barcode-reader.inliteresearch.com/MasterCi8/Site_Files/jquery-1.9.1.min.js, line 2: Using //@ to indicate sourceMappingURL pragmas is deprecated. Use //# instead
1595015454833	mozrunner::runner	INFO	Running command: "/usr/bin/firefox" "-marionette" "-foreground" "-no-remote" "-profile" "/tmp/rust_mozprofileTEV8TZ"
JavaScript error: , line 0: UnknownError: The operation failed for reasons unrelated to the database itself and not covered by any other error code.
1595015457665	Marionette	INFO	Stopped listening on port 43365
1595015462055	Marionette	INFO	Listening on port 34957
1595015462081	Marionette	WARN	TLS certificate errors will be ignored for this session
1595015462573	Marionette	INFO	Stopped listening on port 39509
JavaScript warning: https://online-barcode-reader.inliteresearch.com/MasterCi8/Site_Files/jquery-1.9.1.min.js, line 2: Using //@ to indicate sourceMappingURL pragmas is deprecated. Use //# instead
1595015471620	mozrunner::runner	INFO	Running command: "/usr/bin/firefox" "-marionette" "-foreground" "-no-remote" "-profile" "/tmp/rust_mozprofileIogE7G"
1595015477454	Marionette	INFO	Listening on port 45435
1595015477539	Marionette	WARN	TLS certificate errors will be ignored for this session
JavaScript warning: https://web.whatsapp.com/app.28a86c90d20ffcb7a7cc.js, line 1: unreachable code after return statement
JavaScript warning: https://web.whatsapp.com/app.28a86c90d20ffcb7a7cc.js, line 1: unreachable code after return statement
1595015610094	mozrunner::runner	INFO	Running command: "/usr/bin/firefox" "-marionette" "-foreground" "-no-remote" "-profile" "/tmp/rust_mozprofileB511wp"
JavaScript error: , line 0: UnknownError: The operation failed for reasons unrelated to the database itself and not covered by any other error code.
1595015614208	Marionette	INFO	Stopped listening on port 45435
1595015615824	Marionette	INFO	Listening on port 45543
1595015615871	Marionette	WARN	TLS certificate errors will be ignored for this session
JavaScript error: , line 0: UnknownError: The operation failed for reasons unrelated to the database itself and not covered by any other error code.
1595015617752	Marionette	INFO	Stopped listening on port 34957
JavaScript warning: https://online-barcode-reader.inliteresearch.com/MasterCi8/Site_Files/jquery-1.9.1.min.js, line 2: Using //@ to indicate sourceMappingURL pragmas is deprecated. Use //# instead
1595015638736	mozrunner::runner	INFO	Running command: "/usr/bin/firefox" "-marionette" "-foreground" "-no-remote" "-profile" "/tmp/rust_mozprofileiHW4ic"
1595015644459	Marionette	INFO	Listening on port 38455
1595015644560	Marionette	WARN	TLS certificate errors will be ignored for this session
JavaScript warning: https://web.whatsapp.com/app.28a86c90d20ffcb7a7cc.js, line 1: unreachable code after return statement
JavaScript warning: https://web.whatsapp.com/app.28a86c90d20ffcb7a7cc.js, line 1: unreachable code after return statement
Exiting due to channel error.
Exiting due to channel error.
Exiting due to channel error.
[GFX1-]: Receive IPC close with reason=AbnormalShutdown
Exiting due to channel error.
Exiting due to channel error.
Exiting due to channel error.
1595015869593	mozrunner::runner	INFO	Running command: "/usr/bin/firefox" "-marionette" "-foreground" "-no-remote" "-profile" "/tmp/rust_mozprofile0lzXTo"
1595015874917	Marionette	INFO	Listening on port 42713
1595015875015	Marionette	WARN	TLS certificate errors will be ignored for this session
JavaScript warning: https://online-barcode-reader.inliteresearch.com/MasterCi8/Site_Files/jquery-1.9.1.min.js, line 2: Using //@ to indicate sourceMappingURL pragmas is deprecated. Use //# instead
1595015888908	mozrunner::runner	INFO	Running command: "/usr/bin/firefox" "-marionette" "-foreground" "-no-remote" "-profile" "/tmp/rust_mozprofileHSzpqB"
1595015895375	Marionette	INFO	Listening on port 40211
1595015897052	Marionette	WARN	TLS certificate errors will be ignored for this session
JavaScript warning: https://web.whatsapp.com/app.28a86c90d20ffcb7a7cc.js, line 1: unreachable code after return statement
JavaScript warning: https://web.whatsapp.com/app.28a86c90d20ffcb7a7cc.js, line 1: unreachable code after return statement
Exiting due to channel error.
Exiting due to channel error.
Exiting due to channel error.
Exiting due to channel error.
Exiting due to channel error.
Exiting due to channel error.
1595016168837	mozrunner::runner	INFO	Running command: "/usr/bin/firefox" "-marionette" "-foreground" "-no-remote" "-profile" "/tmp/rust_mozprofileyW0vDm"
1595016173898	Marionette	INFO	Listening on port 46351
1595016173958	Marionette	WARN	TLS certificate errors will be ignored for this session
JavaScript warning: https://online-barcode-reader.inliteresearch.com/MasterCi8/Site_Files/jquery-1.9.1.min.js, line 2: Using //@ to indicate sourceMappingURL pragmas is deprecated. Use //# instead
1595016186674	mozrunner::runner	INFO	Running command: "/usr/bin/firefox" "-marionette" "-foreground" "-no-remote" "-profile" "/tmp/rust_mozprofilelgyrYQ"
1595016195854	Marionette	INFO	Listening on port 45719
1595016195905	Marionette	WARN	TLS certificate errors will be ignored for this session
JavaScript warning: https://web.whatsapp.com/app.28a86c90d20ffcb7a7cc.js, line 1: unreachable code after return statement
JavaScript warning: https://web.whatsapp.com/app.28a86c90d20ffcb7a7cc.js, line 1: unreachable code after return statement
Exiting due to channel error.
Exiting due to channel error.
Exiting due to channel error.
Exiting due to channel error.
Exiting due to channel error.
Exiting due to channel error.
1595016510544	mozrunner::runner	INFO	Running command: "/usr/bin/firefox" "-marionette" "-foreground" "-no-remote" "-profile" "/tmp/rust_mozprofilekzqqRb"
1595016516092	Marionette	INFO	Listening on port 40879
1595016516169	Marionette	WARN	TLS certificate errors will be ignored for this session
JavaScript warning: https://online-barcode-reader.inliteresearch.com/MasterCi8/Site_Files/jquery-1.9.1.min.js, line 2: Using //@ to indicate sourceMappingURL pragmas is deprecated. Use //# instead
1595016606803	mozrunner::runner	INFO	Running command: "/usr/bin/firefox" "-marionette" "-foreground" "-no-remote" "-profile" "/tmp/rust_mozprofilekNlq1L"
1595016612185	Marionette	INFO	Listening on port 46355
1595016612223	Marionette	WARN	TLS certificate errors will be ignored for this session
JavaScript warning: https://web.whatsapp.com/app.28a86c90d20ffcb7a7cc.js, line 1: unreachable code after return statement
JavaScript warning: https://web.whatsapp.com/app.28a86c90d20ffcb7a7cc.js, line 1: unreachable code after return statement
JavaScript error: , line 0: UnknownError: The operation failed for reasons unrelated to the database itself and not covered by any other error code.
1595016673084	Marionette	INFO	Stopped listening on port 46355
JavaScript error: , line 0: UnknownError: The operation failed for reasons unrelated to the database itself and not covered by any other error code.
1595016674631	Marionette	INFO	Stopped listening on port 40879
1595016691157	mozrunner::runner	INFO	Running command: "/usr/bin/firefox" "-marionette" "-foreground" "-no-remote" "-profile" "/tmp/rust_mozprofileY4o4k7"
1595016697325	Marionette	INFO	Listening on port 35725
1595016697386	Marionette	WARN	TLS certificate errors will be ignored for this session
JavaScript warning: https://online-barcode-reader.inliteresearch.com/MasterCi8/Site_Files/jquery-1.9.1.min.js, line 2: Using //@ to indicate sourceMappingURL pragmas is deprecated. Use //# instead
1595016726173	mozrunner::runner	INFO	Running command: "/usr/bin/firefox" "-marionette" "-foreground" "-no-remote" "-profile" "/tmp/rust_mozprofilelQHCWe"
1595016727163	mozrunner::runner	INFO	Running command: "/usr/bin/firefox" "-marionette" "-foreground" "-no-remote" "-profile" "/tmp/rust_mozprofilexvw8M9"
1595016737009	Marionette	INFO	Listening on port 43015
1595016737125	Marionette	WARN	TLS certificate errors will be ignored for this session
1595016737193	Marionette	INFO	Listening on port 37115
1595016737235	Marionette	WARN	TLS certificate errors will be ignored for this session
JavaScript warning: https://web.whatsapp.com/app.28a86c90d20ffcb7a7cc.js, line 1: unreachable code after return statement
JavaScript warning: https://web.whatsapp.com/app.28a86c90d20ffcb7a7cc.js, line 1: unreachable code after return statement
JavaScript warning: https://web.whatsapp.com/app.28a86c90d20ffcb7a7cc.js, line 1: unreachable code after return statement
JavaScript warning: https://web.whatsapp.com/app.28a86c90d20ffcb7a7cc.js, line 1: unreachable code after return statement
1595016807467	mozrunner::runner	INFO	Running command: "/usr/bin/firefox" "-marionette" "-foreground" "-no-remote" "-profile" "/tmp/rust_mozprofilesgfVZj"
1595016813365	Marionette	INFO	Listening on port 40377
1595016813405	Marionette	WARN	TLS certificate errors will be ignored for this session
1595016815551	Marionette	INFO	Stopped listening on port 35725
JavaScript error: , line 0: UnknownError: The operation failed for reasons unrelated to the database itself and not covered by any other error code.
JavaScript warning: https://online-barcode-reader.inliteresearch.com/MasterCi8/Site_Files/jquery-1.9.1.min.js, line 2: Using //@ to indicate sourceMappingURL pragmas is deprecated. Use //# instead
1595016817244	Marionette	INFO	Stopped listening on port 43015
JavaScript error: , line 0: UnknownError: The operation failed for reasons unrelated to the database itself and not covered by any other error code.
1595016818711	Marionette	INFO	Stopped listening on port 37115
1595016823876	mozrunner::runner	INFO	Running command: "/usr/bin/firefox" "-marionette" "-foreground" "-no-remote" "-profile" "/tmp/rust_mozprofileR2m7av"
1595016829573	Marionette	INFO	Listening on port 40021
1595016829594	Marionette	WARN	TLS certificate errors will be ignored for this session
JavaScript warning: https://web.whatsapp.com/app.28a86c90d20ffcb7a7cc.js, line 1: unreachable code after return statement
JavaScript warning: https://web.whatsapp.com/app.28a86c90d20ffcb7a7cc.js, line 1: unreachable code after return statement
Exiting due to channel error.
Exiting due to channel error.
Exiting due to channel error.
Exiting due to channel error.
Exiting due to channel error.
Exiting due to channel error.
1595016891650	mozrunner::runner	INFO	Running command: "/usr/bin/firefox" "-marionette" "-foreground" "-no-remote" "-profile" "/tmp/rust_mozprofile614vzV"
1595016898274	Marionette	INFO	Listening on port 42483
1595016898305	Marionette	WARN	TLS certificate errors will be ignored for this session
JavaScript warning: https://online-barcode-reader.inliteresearch.com/MasterCi8/Site_Files/jquery-1.9.1.min.js, line 2: Using //@ to indicate sourceMappingURL pragmas is deprecated. Use //# instead
1595016908217	mozrunner::runner	INFO	Running command: "/usr/bin/firefox" "-marionette" "-foreground" "-no-remote" "-profile" "/tmp/rust_mozprofile2t5RLE"
1595016914576	Marionette	INFO	Listening on port 45137
1595016914634	Marionette	WARN	TLS certificate errors will be ignored for this session
JavaScript warning: https://web.whatsapp.com/app.28a86c90d20ffcb7a7cc.js, line 1: unreachable code after return statement
JavaScript warning: https://web.whatsapp.com/app.28a86c90d20ffcb7a7cc.js, line 1: unreachable code after return statement
Exiting due to channel error.
Exiting due to channel error.
Exiting due to channel error.
Exiting due to channel error.
[GFX1-]: Receive IPC close with reason=AbnormalShutdown
Exiting due to channel error.
[GFX1-]: Receive IPC close with reason=AbnormalShutdown
Exiting due to channel error.
1595016990468	mozrunner::runner	INFO	Running command: "/usr/bin/firefox" "-marionette" "-foreground" "-no-remote" "-profile" "/tmp/rust_mozprofilewoz4Hh"
JavaScript error: resource://gre/modules/URIFixup.jsm, line 281: NS_ERROR_FAILURE: Should pass a non-null uri
1595016997797	Marionette	INFO	Listening on port 44823
1595016997824	Marionette	WARN	TLS certificate errors will be ignored for this session
JavaScript warning: https://online-barcode-reader.inliteresearch.com/MasterCi8/Site_Files/jquery-1.9.1.min.js, line 2: Using //@ to indicate sourceMappingURL pragmas is deprecated. Use //# instead
1595017011116	mozrunner::runner	INFO	Running command: "/usr/bin/firefox" "-marionette" "-foreground" "-no-remote" "-profile" "/tmp/rust_mozprofileQ6PPHA"
1595017022390	Marionette	INFO	Listening on port 37045
1595017022451	Marionette	WARN	TLS certificate errors will be ignored for this session
JavaScript warning: https://web.whatsapp.com/app.28a86c90d20ffcb7a7cc.js, line 1: unreachable code after return statement
JavaScript warning: https://web.whatsapp.com/app.28a86c90d20ffcb7a7cc.js, line 1: unreachable code after return statement
1595017093223	mozrunner::runner	INFO	Running command: "/usr/bin/firefox" "-marionette" "-foreground" "-no-remote" "-profile" "/tmp/rust_mozprofileRpjuCA"
1595017100684	mozrunner::runner	INFO	Running command: "/usr/bin/firefox" "-marionette" "-foreground" "-no-remote" "-profile" "/tmp/rust_mozprofilef4BvtP"
1595017103907	Marionette	INFO	Listening on port 38287
Exiting due to channel error.
Exiting due to channel error.
Exiting due to channel error.
Exiting due to channel error.
Exiting due to channel error.
Exiting due to channel error.
Exiting due to channel error.
Exiting due to channel error.
Exiting due to channel error.
1595017109902	mozrunner::runner	INFO	Running command: "/usr/bin/firefox" "-marionette" "-foreground" "-no-remote" "-profile" "/tmp/rust_mozprofileiAi8e8"
1595017119979	Marionette	INFO	Listening on port 35611
1595017120049	Marionette	WARN	TLS certificate errors will be ignored for this session
JavaScript warning: https://online-barcode-reader.inliteresearch.com/MasterCi8/Site_Files/jquery-1.9.1.min.js, line 2: Using //@ to indicate sourceMappingURL pragmas is deprecated. Use //# instead
1595017156502	mozrunner::runner	INFO	Running command: "/usr/bin/firefox" "-marionette" "-foreground" "-no-remote" "-profile" "/tmp/rust_mozprofilex3wIs9"
1595017167342	Marionette	INFO	Listening on port 44767
1595017167450	Marionette	WARN	TLS certificate errors will be ignored for this session
JavaScript warning: https://web.whatsapp.com/app.28a86c90d20ffcb7a7cc.js, line 1: unreachable code after return statement
JavaScript warning: https://web.whatsapp.com/app.28a86c90d20ffcb7a7cc.js, line 1: unreachable code after return statement
Exiting due to channel error.
Exiting due to channel error.
Exiting due to channel error.
Exiting due to channel error.
Exiting due to channel error.
1595017765582	mozrunner::runner	INFO	Running command: "/usr/bin/firefox" "-marionette" "-foreground" "-no-remote" "-profile" "/tmp/rust_mozprofileNWYn9H"
1595017868746	mozrunner::runner	INFO	Running command: "/usr/bin/firefox" "-marionette" "-foreground" "-no-remote" "-profile" "/tmp/rust_mozprofilerbclQS"
1595017874749	Marionette	INFO	Listening on port 45247
1595017874783	Marionette	WARN	TLS certificate errors will be ignored for this session
JavaScript warning: https://online-barcode-reader.inliteresearch.com/MasterCi8/Site_Files/jquery-1.9.1.min.js, line 2: Using //@ to indicate sourceMappingURL pragmas is deprecated. Use //# instead
1595017887178	mozrunner::runner	INFO	Running command: "/usr/bin/firefox" "-marionette" "-foreground" "-no-remote" "-profile" "/tmp/rust_mozprofilezPBXcY"
1595017894674	Marionette	INFO	Listening on port 40505
1595017894717	Marionette	WARN	TLS certificate errors will be ignored for this session
JavaScript warning: https://web.whatsapp.com/app.28a86c90d20ffcb7a7cc.js, line 1: unreachable code after return statement
JavaScript warning: https://web.whatsapp.com/app.28a86c90d20ffcb7a7cc.js, line 1: unreachable code after return statement
1595017906636	Marionette	WARN	TimedPromise timed out after 500 ms: stacktrace:
TimedPromise/<@chrome://marionette/content/sync.js:245:13
TimedPromise@chrome://marionette/content/sync.js:230:10
interaction.flushEventLoop@chrome://marionette/content/interaction.js:416:10
webdriverClickElement@chrome://marionette/content/interaction.js:182:31
Exiting due to channel error.
[GFX1-]: Receive IPC close with reason=AbnormalShutdown
Exiting due to channel error.
Exiting due to channel error.
Exiting due to channel error.
Exiting due to channel error.
Exiting due to channel error.
1595017972489	mozrunner::runner	INFO	Running command: "/usr/bin/firefox" "-marionette" "-foreground" "-no-remote" "-profile" "/tmp/rust_mozprofileGo4wjM"
1595017979175	Marionette	INFO	Listening on port 43671
1595017979217	Marionette	WARN	TLS certificate errors will be ignored for this session
JavaScript warning: https://online-barcode-reader.inliteresearch.com/MasterCi8/Site_Files/jquery-1.9.1.min.js, line 2: Using //@ to indicate sourceMappingURL pragmas is deprecated. Use //# instead
1595017991032	mozrunner::runner	INFO	Running command: "/usr/bin/firefox" "-marionette" "-foreground" "-no-remote" "-profile" "/tmp/rust_mozprofileL1ZAmS"
1595017997334	Marionette	INFO	Listening on port 39713
1595017997360	Marionette	WARN	TLS certificate errors will be ignored for this session
JavaScript warning: https://web.whatsapp.com/app.28a86c90d20ffcb7a7cc.js, line 1: unreachable code after return statement
JavaScript warning: https://web.whatsapp.com/app.28a86c90d20ffcb7a7cc.js, line 1: unreachable code after return statement
1595018007826	Marionette	WARN	TimedPromise timed out after 500 ms: stacktrace:
TimedPromise/<@chrome://marionette/content/sync.js:245:13
TimedPromise@chrome://marionette/content/sync.js:230:10
interaction.flushEventLoop@chrome://marionette/content/interaction.js:416:10
webdriverClickElement@chrome://marionette/content/interaction.js:182:31
Exiting due to channel error.
Exiting due to channel error.
Exiting due to channel error.
[GFX1-]: Receive IPC close with reason=AbnormalShutdown
Exiting due to channel error.
Exiting due to channel error.
1595018497410	mozrunner::runner	INFO	Running command: "/usr/bin/firefox" "-marionette" "-foreground" "-no-remote" "-profile" "/tmp/rust_mozprofile5Aluc3"
1595018503478	Marionette	INFO	Listening on port 41543
1595018503532	Marionette	WARN	TLS certificate errors will be ignored for this session
JavaScript warning: https://online-barcode-reader.inliteresearch.com/MasterCi8/Site_Files/jquery-1.9.1.min.js, line 2: Using //@ to indicate sourceMappingURL pragmas is deprecated. Use //# instead
1595018521689	mozrunner::runner	INFO	Running command: "/usr/bin/firefox" "-marionette" "-foreground" "-no-remote" "-profile" "/tmp/rust_mozprofile0xZW4P"
1595018528668	Marionette	INFO	Listening on port 40435
1595018528719	Marionette	WARN	TLS certificate errors will be ignored for this session
JavaScript warning: https://web.whatsapp.com/app.28a86c90d20ffcb7a7cc.js, line 1: unreachable code after return statement
JavaScript warning: https://web.whatsapp.com/app.28a86c90d20ffcb7a7cc.js, line 1: unreachable code after return statement
1595018557702	Marionette	WARN	TimedPromise timed out after 500 ms: stacktrace:
TimedPromise/<@chrome://marionette/content/sync.js:245:13
TimedPromise@chrome://marionette/content/sync.js:230:10
interaction.flushEventLoop@chrome://marionette/content/interaction.js:416:10
webdriverClickElement@chrome://marionette/content/interaction.js:182:31
1595018577458	Marionette	INFO	Stopped listening on port 40435
1595018642897	mozrunner::runner	INFO	Running command: "/usr/bin/firefox" "-marionette" "-foreground" "-no-remote" "-profile" "/tmp/rust_mozprofilebEYMnZ"
JavaScript error: resource:///modules/UrlbarInput.jsm, line 2164: TypeError: event.target.closest is not a function
JavaScript error: resource:///modules/UrlbarInput.jsm, line 2164: TypeError: event.target.closest is not a function
JavaScript error: resource://gre/modules/URIFixup.jsm, line 281: NS_ERROR_FAILURE: Should pass a non-null uri
1595018650803	Marionette	INFO	Listening on port 36191
1595018652870	Marionette	WARN	TLS certificate errors will be ignored for this session
1595018655456	Marionette	INFO	Stopped listening on port 36191
Exiting due to channel error.
Exiting due to channel error.
Exiting due to channel error.
1595019107669	mozrunner::runner	INFO	Running command: "/usr/bin/firefox" "-marionette" "-foreground" "-no-remote" "-profile" "/tmp/rust_mozprofileyqVtOV"
1595019114481	Marionette	INFO	Listening on port 34681
1595019114498	Marionette	WARN	TLS certificate errors will be ignored for this session
JavaScript warning: https://online-barcode-reader.inliteresearch.com/MasterCi8/Site_Files/jquery-1.9.1.min.js, line 2: Using //@ to indicate sourceMappingURL pragmas is deprecated. Use //# instead
1595019134075	mozrunner::runner	INFO	Running command: "/usr/bin/firefox" "-marionette" "-foreground" "-no-remote" "-profile" "/tmp/rust_mozprofileGnROIK"
1595019143723	Marionette	INFO	Stopped listening on port 34681
1595019144468	Marionette	INFO	Listening on port 40465
1595019144514	Marionette	WARN	TLS certificate errors will be ignored for this session
JavaScript warning: https://online-barcode-reader.inliteresearch.com/MasterCi8/Site_Files/jquery-1.9.1.min.js, line 2: Using //@ to indicate sourceMappingURL pragmas is deprecated. Use //# instead
1595019157363	mozrunner::runner	INFO	Running command: "/usr/bin/firefox" "-marionette" "-foreground" "-no-remote" "-profile" "/tmp/rust_mozprofilehD5umQ"
1595019166039	Marionette	INFO	Listening on port 36513
1595019166112	Marionette	WARN	TLS certificate errors will be ignored for this session
JavaScript warning: https://web.whatsapp.com/app.28a86c90d20ffcb7a7cc.js, line 1: unreachable code after return statement
JavaScript warning: https://web.whatsapp.com/app.28a86c90d20ffcb7a7cc.js, line 1: unreachable code after return statement
Exiting due to channel error.
[GFX1-]: Receive IPC close with reason=AbnormalShutdown
Exiting due to channel error.
Exiting due to channel error.
Exiting due to channel error.
Exiting due to channel error.
1595019523569	mozrunner::runner	INFO	Running command: "/usr/bin/firefox" "-marionette" "-foreground" "-no-remote" "-profile" "/tmp/rust_mozprofileG6Q7Fl"
1595019529821	Marionette	INFO	Listening on port 44023
1595019529895	Marionette	WARN	TLS certificate errors will be ignored for this session
JavaScript warning: https://online-barcode-reader.inliteresearch.com/MasterCi8/Site_Files/jquery-1.9.1.min.js, line 2: Using //@ to indicate sourceMappingURL pragmas is deprecated. Use //# instead
1595019541462	mozrunner::runner	INFO	Running command: "/usr/bin/firefox" "-marionette" "-foreground" "-no-remote" "-profile" "/tmp/rust_mozprofileKiLhxx"
1595019548461	Marionette	INFO	Listening on port 42913
1595019548497	Marionette	WARN	TLS certificate errors will be ignored for this session
JavaScript warning: https://web.whatsapp.com/app.28a86c90d20ffcb7a7cc.js, line 1: unreachable code after return statement
JavaScript warning: https://web.whatsapp.com/app.28a86c90d20ffcb7a7cc.js, line 1: unreachable code after return statement
[GFX1-]: Receive IPC close with reason=AbnormalShutdown
Exiting due to channel error.
Exiting due to channel error.
Exiting due to channel error.
Exiting due to channel error.
Exiting due to channel error.
1595019693542	mozrunner::runner	INFO	Running command: "/usr/bin/firefox" "-marionette" "-foreground" "-no-remote" "-profile" "/tmp/rust_mozprofileqlebTl"
1595019699937	Marionette	INFO	Listening on port 42981
1595019699963	Marionette	WARN	TLS certificate errors will be ignored for this session
JavaScript warning: https://online-barcode-reader.inliteresearch.com/MasterCi8/Site_Files/jquery-1.9.1.min.js, line 2: Using //@ to indicate sourceMappingURL pragmas is deprecated. Use //# instead
1595019727108	mozrunner::runner	INFO	Running command: "/usr/bin/firefox" "-marionette" "-foreground" "-no-remote" "-profile" "/tmp/rust_mozprofile7hMyFX"
1595019733857	Marionette	INFO	Listening on port 37745
1595019733952	Marionette	WARN	TLS certificate errors will be ignored for this session
JavaScript warning: https://web.whatsapp.com/app.28a86c90d20ffcb7a7cc.js, line 1: unreachable code after return statement
JavaScript warning: https://web.whatsapp.com/app.28a86c90d20ffcb7a7cc.js, line 1: unreachable code after return statement
Exiting due to channel error.
[GFX1-]: Receive IPC close with reason=AbnormalShutdown
Exiting due to channel error.
[GFX1-]: Receive IPC close with reason=AbnormalShutdown
Exiting due to channel error.
Exiting due to channel error.
Exiting due to channel error.
